<?xml version="1.0" encoding="UTF-8"?>
<!-- Generated by org.testng.reporters.JUnitReportReporter -->
<testsuite skipped="0" hostname="192-168-1-5.tpgi.com.au" name="com.testingfoo.tests.LoginTest" tests="1" failures="0" timestamp="06 Aug 2019 04:43:35 GMT" time="31.459" errors="0">
  <testcase name="test" time="31.459" classname="com.testingfoo.tests.LoginTest"/>
</testsuite> <!-- com.testingfoo.tests.LoginTest -->
